     0.001 Info: Testing "/home/atlasata/.local/share/PrismLauncher/qtlogging.ini" ... (unknown:0)
     0.001 Info: Testing "/usr/share/PrismLauncher/qtlogging.ini" ... (unknown:0)
     0.001 Info: Loading logging rules from: "/usr/share/PrismLauncher/qtlogging.ini" (unknown:0)
     0.001 Info: Setting log rules: (unknown:0)
     0.001 Info:      "*.debug=true" (unknown:0)
     0.001 Info:      "kf.imageformats.plugins.hdr=false" (unknown:0)
     0.001 Info:      "kf.imageformats.plugins.xcf=false" (unknown:0)
     0.001 Info:      "launcher.auth.credentials.debug=false" (unknown:0)
     0.001 Info:      "launcher.task=false" (unknown:0)
     0.001 Info:      "launcher.task.net=true" (unknown:0)
     0.001 Info:      "launcher.task.net.download.debug=false" (unknown:0)
     0.001 Info:      "launcher.task.net.metacache=false" (unknown:0)
     0.001 Info:      "launcher.task.net.metacache.http=true" (unknown:0)
     0.001 Info:      "launcher.task.net.upload=true" (unknown:0)
     0.001 Info:      "qt.*.debug=false" (unknown:0)
     0.001 Info: <> Log initialized. (unknown:0)
     0.001 Debug: <> No migration needed from "PolyMC" (unknown:0)
     4.918 Debug: <> Migration declined for "MultiMC" (unknown:0)
     4.919 Info: Prism Launcher, © 2022-2026 Prism Launcher Contributors, © 2021-2022 PolyMC Contributors, © 2012-2021 MultiMC Contributors (unknown:0)
     4.919 Info: Version                    : "11.0.2" (unknown:0)
     4.919 Info: Platform                   : "archlinux" (unknown:0)
     4.919 Info: Git commit                 : "" (unknown:0)
     4.919 Info: Git refspec                : "refs/heads/stable" (unknown:0)
     4.919 Info: Compiled for               : "Linux 6.19.11-arch1-1 x86_64" (unknown:0)
     4.919 Info: Compiled by                : "GNU - 15.2.1" (unknown:0)
     4.919 Info: Build Artifact             : "" (unknown:0)
     4.919 Info: Updates Enabled            : No (unknown:0)
     4.919 Info: Work dir before adjustment : "/home/atlasata" (unknown:0)
     4.919 Info: Work dir after adjustment  : "/home/atlasata/.local/share/PrismLauncher" (unknown:0)
     4.919 Info: Adjusted by                : "Persistent data path" (unknown:0)
     4.919 Info: Binary path                : "/usr/bin" (unknown:0)
     4.919 Info: Application root path      : "/usr" (unknown:0)
     4.919 Info: <> Paths set. (unknown:0)
     4.921 Debug: Detected default console font: "Noto Sans Mono", substitutions: "" (unknown:0)
     4.972 Info: <> Settings loaded. (unknown:0)
     4.972 Debug: Detecting proxy settings... (unknown:0)
     4.973 Debug: Using no proxy is an option! (unknown:0)
     4.973 Info: <> Network done. (unknown:0)
     4.973 Critical: Exception: "Unable to open /home/atlasata/.local/share/PrismLauncher/translations/index_v2.json for reading: No such file or directory" (unknown:0)
     4.973 Critical: Translations Download Failed: index file not readable (unknown:0)
     4.973 Warning: Selected invalid language "" , defaulting to "en_US" (unknown:0)
     4.973 Info: Your language is "" (unknown:0)
     4.973 Info: <> Translations loaded. (unknown:0)
     4.973 Debug: Started watching "/home/atlasata/.local/share/PrismLauncher/icons" (unknown:0)
     4.973 Debug: Sorting icon list... (unknown:0)
     4.974 Info: <> Instance icons initialized. (unknown:0)
     4.974 Debug: [Theme] Determining System Widget Theme... (unknown:0)
     4.974 Debug: [Theme] System theme seems to be: "" (unknown:0)
     4.974 Debug: [Theme] <> Initializing Icon Themes (unknown:0)
     4.974 Debug: [Theme] Loaded Built-In Icon Theme "pe_colored" (unknown:0)
     4.974 Debug: [Theme] Loaded Built-In Icon Theme "pe_light" (unknown:0)
     4.974 Debug: [Theme] Loaded Built-In Icon Theme "pe_dark" (unknown:0)
     4.974 Debug: [Theme] Loaded Built-In Icon Theme "pe_blue" (unknown:0)
     4.974 Debug: [Theme] Loaded Built-In Icon Theme "breeze_light" (unknown:0)
     4.974 Debug: [Theme] Loaded Built-In Icon Theme "breeze_dark" (unknown:0)
     4.974 Debug: [Theme] Loaded Built-In Icon Theme "OSX" (unknown:0)
     4.974 Debug: [Theme] Loaded Built-In Icon Theme "iOS" (unknown:0)
     4.974 Debug: [Theme] Loaded Built-In Icon Theme "flat" (unknown:0)
     4.974 Debug: [Theme] Loaded Built-In Icon Theme "flat_white" (unknown:0)
     4.974 Debug: [Theme] Loaded Built-In Icon Theme "multimc" (unknown:0)
     4.974 Debug: [Theme] Icon Theme Folder Path: "/home/atlasata/.local/share/PrismLauncher/iconthemes" (unknown:0)
     4.974 Debug: [Theme] <> Icon themes initialized. (unknown:0)
     4.974 Debug: [Theme] <> Initializing Widget Themes (unknown:0)
     4.974 Debug: [Theme] Loading Built-in Theme: "system" (unknown:0)
     4.974 Debug: [Theme] Loading Built-in Theme: "dark" (unknown:0)
     4.974 Debug: [Theme] Loading Built-in Theme: "bright" (unknown:0)
     4.974 Debug: [Theme] <> Initializing System Widget Themes (unknown:0)
     4.974 Debug: [Theme] Loading System Theme: "qt5ct-style" (unknown:0)
     4.975 Debug: [Theme] Loading System Theme: "qt6ct-style" (unknown:0)
     4.975 Debug: [Theme] Loading System Theme: "Windows" (unknown:0)
     4.975 Debug: [Theme] Loading System Theme: "Fusion" (unknown:0)
     4.975 Debug: [Theme] Theme Folder Path: "/home/atlasata/.local/share/PrismLauncher/themes" (unknown:0)
     4.975 Debug: [Theme] <> Widget themes initialized. (unknown:0)
     4.975 Debug: [Theme] CatPacks Folder Path: "/home/atlasata/.local/share/PrismLauncher/catpacks" (unknown:0)
     4.980 Info: Instance path              : "instances" (unknown:0)
     4.980 Info: Loading Instances... (unknown:0)
     4.980 Info: Discovering instances in "/home/atlasata/.local/share/PrismLauncher/instances" (unknown:0)
     4.980 Info: <> Instances loaded. (unknown:0)
     4.980 Info: Loading accounts... (unknown:0)
     4.980 Critical: "Failed to read the account list file accounts.json (No such file or directory)." (unknown:0)
     4.980 Info: <> Accounts loaded. (unknown:0)
     4.980 Info: <> Cache initialized. (unknown:0)
     4.980 Debug: Downloading Translations Index... (unknown:0)
     4.986 Debug: Detected native libraries: "/usr/lib/libglfw.so" "/usr/lib/libopenal.so" (unknown:0)
     5.011 Debug: [Theme] <> Icon theme set. (unknown:0)
     5.011 Debug: [Theme] applying theme "System" (unknown:0)
     5.011 Debug: [Theme] <> Application theme set. (unknown:0)
     5.018 Debug: [Theme] <> Initializing Icon Themes (unknown:0)
     5.018 Debug: [Theme] Loaded Built-In Icon Theme "pe_colored" (unknown:0)
     5.018 Debug: [Theme] Loaded Built-In Icon Theme "pe_light" (unknown:0)
     5.018 Debug: [Theme] Loaded Built-In Icon Theme "pe_dark" (unknown:0)
     5.018 Debug: [Theme] Loaded Built-In Icon Theme "pe_blue" (unknown:0)
     5.018 Debug: [Theme] Loaded Built-In Icon Theme "breeze_light" (unknown:0)
     5.018 Debug: [Theme] Loaded Built-In Icon Theme "breeze_dark" (unknown:0)
     5.018 Debug: [Theme] Loaded Built-In Icon Theme "OSX" (unknown:0)
     5.018 Debug: [Theme] Loaded Built-In Icon Theme "iOS" (unknown:0)
     5.018 Debug: [Theme] Loaded Built-In Icon Theme "flat" (unknown:0)
     5.018 Debug: [Theme] Loaded Built-In Icon Theme "flat_white" (unknown:0)
     5.018 Debug: [Theme] Loaded Built-In Icon Theme "multimc" (unknown:0)
     5.018 Debug: [Theme] Icon Theme Folder Path: "/home/atlasata/.local/share/PrismLauncher/iconthemes" (unknown:0)
     5.018 Debug: [Theme] <> Icon themes initialized. (unknown:0)
     5.018 Debug: [Theme] <> Initializing Widget Themes (unknown:0)
     5.018 Debug: [Theme] Loading Built-in Theme: "system" (unknown:0)
     5.018 Debug: [Theme] Loading Built-in Theme: "dark" (unknown:0)
     5.018 Debug: [Theme] Loading Built-in Theme: "bright" (unknown:0)
     5.019 Debug: [Theme] <> Initializing System Widget Themes (unknown:0)
     5.019 Debug: [Theme] Loading System Theme: "qt5ct-style" (unknown:0)
     5.019 Debug: [Theme] Loading System Theme: "qt6ct-style" (unknown:0)
     5.019 Debug: [Theme] Loading System Theme: "Windows" (unknown:0)
     5.019 Debug: [Theme] Loading System Theme: "Fusion" (unknown:0)
     5.019 Debug: [Theme] Theme Folder Path: "/home/atlasata/.local/share/PrismLauncher/themes" (unknown:0)
     5.019 Debug: [Theme] <> Widget themes initialized. (unknown:0)
     5.019 Debug: [Theme] CatPacks Folder Path: "/home/atlasata/.local/share/PrismLauncher/catpacks" (unknown:0)
     5.304 Debug: Got translations index! (unknown:0)
     5.304 Warning: QAbstractItemModel::endInsertRows:  Invalid index ( 95 , 0 ) in model TranslationsModel(0x55acee754bc0) (unknown:0)
     5.304 Warning: QAbstractItemModel::endInsertRows:  Invalid index ( 95 , 1 ) in model TranslationsModel(0x55acee754bc0) (unknown:0)
     5.404 Warning: Cannot update builtin language "en_US" (unknown:0)
     5.404 Debug: Dir changed: "/home/atlasata/.local/share/PrismLauncher/translations" (unknown:0)
    20.753 Debug: AuthFlow: "Logging in with Microsoft account." (unknown:0)
    20.753 Debug: AuthFlow: "Logging in with Microsoft account(device code)." (unknown:0)
    20.754 Debug: [launcher.task.net.upload] "{5b119eb3-41ea-4577-a17b-6819e3fe41b0}" Running "https://login.microsoftonline.com/consumers/oauth2/v2.0/devicecode" (unknown:0)
    21.263 Debug: [launcher.task.net.upload] "{5b119eb3-41ea-4577-a17b-6819e3fe41b0}" Request succeeded: "https://login.microsoftonline.com/consumers/oauth2/v2.0/devicecode" (unknown:0)
    22.841 Debug: Opening URL "https://login.microsoftonline.com/consumers/oauth2/v2.0/authorize?client_id=c36a9fb6-4f2a-41ff-90bd-ae7cc92031eb&code_challenge=RaHEehXo-ghQOfghsGvvU55tkG5bCgEGPiFKwcp5B64&code_challenge_method=S256&prompt=select_account&redirect_uri=prismlauncher://oauth/microsoft&response_type=code&scope=XboxLive.SignIn XboxLive.offline_access&state=pUas7Iw0" (unknown:0)
    26.414 Debug: [launcher.task.net.upload] "{ecb4c77c-b346-4f51-92b5-37214a373f9e}" Running "https://login.microsoftonline.com/consumers/oauth2/v2.0/token" (unknown:0)
    26.832 Critical: [launcher.task.net.upload] "{ecb4c77c-b346-4f51-92b5-37214a373f9e}" Failed "https://login.microsoftonline.com/consumers/oauth2/v2.0/token" with error QNetworkReply::ProtocolInvalidOperationError (unknown:0)
    26.832 Critical: [launcher.task.net.upload] "{ecb4c77c-b346-4f51-92b5-37214a373f9e}" HTTP status: 400 "Error transferring https://login.microsoftonline.com/consumers/oauth2/v2.0/token - server replied with status code 400" (unknown:0)
    26.832 Critical: [launcher.task.net.upload] "{ecb4c77c-b346-4f51-92b5-37214a373f9e}" Response from server: "{\"error\":\"authorization_pending\",\"error_description\":\"AADSTS70016: The provided request has not yet been authorized by the user. The user must input their code. Trace ID: c68c8d9d-4811-4301-ba7a-9a7cb0e5e900 Correlation ID: 6f6cb9f7-8ee6-4f43-863b-b7657e79c091 Timestamp: 2026-05-09 14:22:29Z\",\"error_codes\":[70016],\"timestamp\":\"2026-05-09 14:22:29Z\",\"trace_id\":\"c68c8d9d-4811-4301-ba7a-9a7cb0e5e900\",\"correlation_id\":\"6f6cb9f7-8ee6-4f43-863b-b7657e79c091\",\"error_uri\":\"https://login.microsoftonline.com/error?code=70016\"}" (unknown:0)
    26.832 Debug: [launcher.task.net.upload] "{ecb4c77c-b346-4f51-92b5-37214a373f9e}" Request failed in previous step: "https://login.microsoftonline.com/consumers/oauth2/v2.0/token" (unknown:0)
    31.412 Debug: [launcher.task.net.upload] "{b5577956-4a1f-4510-a6a3-d1fb7acd9c84}" Running "https://login.microsoftonline.com/consumers/oauth2/v2.0/token" (unknown:0)
    31.872 Critical: [launcher.task.net.upload] "{b5577956-4a1f-4510-a6a3-d1fb7acd9c84}" Failed "https://login.microsoftonline.com/consumers/oauth2/v2.0/token" with error QNetworkReply::ProtocolInvalidOperationError (unknown:0)
    31.872 Critical: [launcher.task.net.upload] "{b5577956-4a1f-4510-a6a3-d1fb7acd9c84}" HTTP status: 400 "Error transferring https://login.microsoftonline.com/consumers/oauth2/v2.0/token - server replied with status code 400" (unknown:0)
    31.872 Critical: [launcher.task.net.upload] "{b5577956-4a1f-4510-a6a3-d1fb7acd9c84}" Response from server: "{\"error\":\"authorization_pending\",\"error_description\":\"AADSTS70016: The provided request has not yet been authorized by the user. The user must input their code. Trace ID: 41a9b5a9-efc9-4344-8467-7c7820f5e400 Correlation ID: 6f6cb9f7-8ee6-4f43-863b-b7657e79c091 Timestamp: 2026-05-09 14:22:34Z\",\"error_codes\":[70016],\"timestamp\":\"2026-05-09 14:22:34Z\",\"trace_id\":\"41a9b5a9-efc9-4344-8467-7c7820f5e400\",\"correlation_id\":\"6f6cb9f7-8ee6-4f43-863b-b7657e79c091\",\"error_uri\":\"https://login.microsoftonline.com/error?code=70016\"}" (unknown:0)
    31.872 Debug: [launcher.task.net.upload] "{b5577956-4a1f-4510-a6a3-d1fb7acd9c84}" Request failed in previous step: "https://login.microsoftonline.com/consumers/oauth2/v2.0/token" (unknown:0)
    35.413 Debug: [launcher.task.net.metacache.http] Saving metacache with 15 entries (unknown:0)
    36.412 Debug: [launcher.task.net.upload] "{9acfe559-5cf3-42e4-85c3-93e80cc4168f}" Running "https://login.microsoftonline.com/consumers/oauth2/v2.0/token" (unknown:0)
    36.852 Critical: [launcher.task.net.upload] "{9acfe559-5cf3-42e4-85c3-93e80cc4168f}" Failed "https://login.microsoftonline.com/consumers/oauth2/v2.0/token" with error QNetworkReply::ProtocolInvalidOperationError (unknown:0)
    36.852 Critical: [launcher.task.net.upload] "{9acfe559-5cf3-42e4-85c3-93e80cc4168f}" HTTP status: 400 "Error transferring https://login.microsoftonline.com/consumers/oauth2/v2.0/token - server replied with status code 400" (unknown:0)
    36.852 Critical: [launcher.task.net.upload] "{9acfe559-5cf3-42e4-85c3-93e80cc4168f}" Response from server: "{\"error\":\"authorization_pending\",\"error_description\":\"AADSTS70016: The provided request has not yet been authorized by the user. The user must input their code. Trace ID: e8cd9a9f-5531-4705-82c4-584df8cde900 Correlation ID: 6f6cb9f7-8ee6-4f43-863b-b7657e79c091 Timestamp: 2026-05-09 14:22:39Z\",\"error_codes\":[70016],\"timestamp\":\"2026-05-09 14:22:39Z\",\"trace_id\":\"e8cd9a9f-5531-4705-82c4-584df8cde900\",\"correlation_id\":\"6f6cb9f7-8ee6-4f43-863b-b7657e79c091\",\"error_uri\":\"https://login.microsoftonline.com/error?code=70016\"}" (unknown:0)
    36.852 Debug: [launcher.task.net.upload] "{9acfe559-5cf3-42e4-85c3-93e80cc4168f}" Request failed in previous step: "https://login.microsoftonline.com/consumers/oauth2/v2.0/token" (unknown:0)
    41.413 Debug: [launcher.task.net.upload] "{7e9ab4a8-2d5c-46e8-8505-7921ece9e4be}" Running "https://login.microsoftonline.com/consumers/oauth2/v2.0/token" (unknown:0)
    41.828 Critical: [launcher.task.net.upload] "{7e9ab4a8-2d5c-46e8-8505-7921ece9e4be}" Failed "https://login.microsoftonline.com/consumers/oauth2/v2.0/token" with error QNetworkReply::ProtocolInvalidOperationError (unknown:0)
    41.828 Critical: [launcher.task.net.upload] "{7e9ab4a8-2d5c-46e8-8505-7921ece9e4be}" HTTP status: 400 "Error transferring https://login.microsoftonline.com/consumers/oauth2/v2.0/token - server replied with status code 400" (unknown:0)
    41.828 Critical: [launcher.task.net.upload] "{7e9ab4a8-2d5c-46e8-8505-7921ece9e4be}" Response from server: "{\"error\":\"authorization_pending\",\"error_description\":\"AADSTS70016: The provided request has not yet been authorized by the user. The user must input their code. Trace ID: 3ba8cfbb-2151-44b9-94d0-70fb34ded300 Correlation ID: 6f6cb9f7-8ee6-4f43-863b-b7657e79c091 Timestamp: 2026-05-09 14:22:44Z\",\"error_codes\":[70016],\"timestamp\":\"2026-05-09 14:22:44Z\",\"trace_id\":\"3ba8cfbb-2151-44b9-94d0-70fb34ded300\",\"correlation_id\":\"6f6cb9f7-8ee6-4f43-863b-b7657e79c091\",\"error_uri\":\"https://login.microsoftonline.com/error?code=70016\"}" (unknown:0)
    41.828 Debug: [launcher.task.net.upload] "{7e9ab4a8-2d5c-46e8-8505-7921ece9e4be}" Request failed in previous step: "https://login.microsoftonline.com/consumers/oauth2/v2.0/token" (unknown:0)
    42.974 Debug: Opening URL "https://login.microsoftonline.com/consumers/oauth2/v2.0/authorize?client_id=c36a9fb6-4f2a-41ff-90bd-ae7cc92031eb&code_challenge=RaHEehXo-ghQOfghsGvvU55tkG5bCgEGPiFKwcp5B64&code_challenge_method=S256&prompt=select_account&redirect_uri=prismlauncher://oauth/microsoft&response_type=code&scope=XboxLive.SignIn XboxLive.offline_access&state=pUas7Iw0" (unknown:0)
    46.412 Debug: [launcher.task.net.upload] "{9296e56b-6e79-4672-be6f-6cf394e65b7e}" Running "https://login.microsoftonline.com/consumers/oauth2/v2.0/token" (unknown:0)
    46.829 Critical: [launcher.task.net.upload] "{9296e56b-6e79-4672-be6f-6cf394e65b7e}" Failed "https://login.microsoftonline.com/consumers/oauth2/v2.0/token" with error QNetworkReply::ProtocolInvalidOperationError (unknown:0)
    46.829 Critical: [launcher.task.net.upload] "{9296e56b-6e79-4672-be6f-6cf394e65b7e}" HTTP status: 400 "Error transferring https://login.microsoftonline.com/consumers/oauth2/v2.0/token - server replied with status code 400" (unknown:0)
    46.829 Critical: [launcher.task.net.upload] "{9296e56b-6e79-4672-be6f-6cf394e65b7e}" Response from server: "{\"error\":\"authorization_pending\",\"error_description\":\"AADSTS70016: The provided request has not yet been authorized by the user. The user must input their code. Trace ID: eea34151-7003-4e8f-8345-f1d9425fdb00 Correlation ID: 6f6cb9f7-8ee6-4f43-863b-b7657e79c091 Timestamp: 2026-05-09 14:22:49Z\",\"error_codes\":[70016],\"timestamp\":\"2026-05-09 14:22:49Z\",\"trace_id\":\"eea34151-7003-4e8f-8345-f1d9425fdb00\",\"correlation_id\":\"6f6cb9f7-8ee6-4f43-863b-b7657e79c091\",\"error_uri\":\"https://login.microsoftonline.com/error?code=70016\"}" (unknown:0)
    46.829 Debug: [launcher.task.net.upload] "{9296e56b-6e79-4672-be6f-6cf394e65b7e}" Request failed in previous step: "https://login.microsoftonline.com/consumers/oauth2/v2.0/token" (unknown:0)
    51.417 Debug: [launcher.task.net.upload] "{64062d71-5880-4481-90b4-9159ee5e2e4f}" Running "https://login.microsoftonline.com/consumers/oauth2/v2.0/token" (unknown:0)
    51.801 Critical: [launcher.task.net.upload] "{64062d71-5880-4481-90b4-9159ee5e2e4f}" Failed "https://login.microsoftonline.com/consumers/oauth2/v2.0/token" with error QNetworkReply::ProtocolInvalidOperationError (unknown:0)
    51.801 Critical: [launcher.task.net.upload] "{64062d71-5880-4481-90b4-9159ee5e2e4f}" HTTP status: 400 "Error transferring https://login.microsoftonline.com/consumers/oauth2/v2.0/token - server replied with status code 400" (unknown:0)
    51.801 Critical: [launcher.task.net.upload] "{64062d71-5880-4481-90b4-9159ee5e2e4f}" Response from server: "{\"error\":\"authorization_pending\",\"error_description\":\"AADSTS70016: The provided request has not yet been authorized by the user. The user must input their code. Trace ID: 6698b89c-cf31-404f-923e-dedf624ad500 Correlation ID: 6f6cb9f7-8ee6-4f43-863b-b7657e79c091 Timestamp: 2026-05-09 14:22:54Z\",\"error_codes\":[70016],\"timestamp\":\"2026-05-09 14:22:54Z\",\"trace_id\":\"6698b89c-cf31-404f-923e-dedf624ad500\",\"correlation_id\":\"6f6cb9f7-8ee6-4f43-863b-b7657e79c091\",\"error_uri\":\"https://login.microsoftonline.com/error?code=70016\"}" (unknown:0)
    51.802 Debug: [launcher.task.net.upload] "{64062d71-5880-4481-90b4-9159ee5e2e4f}" Request failed in previous step: "https://login.microsoftonline.com/consumers/oauth2/v2.0/token" (unknown:0)
    56.416 Debug: [launcher.task.net.upload] "{fd253e91-638d-44ff-86ae-92f94a426fb8}" Running "https://login.microsoftonline.com/consumers/oauth2/v2.0/token" (unknown:0)
    56.878 Critical: [launcher.task.net.upload] "{fd253e91-638d-44ff-86ae-92f94a426fb8}" Failed "https://login.microsoftonline.com/consumers/oauth2/v2.0/token" with error QNetworkReply::ProtocolInvalidOperationError (unknown:0)
    56.878 Critical: [launcher.task.net.upload] "{fd253e91-638d-44ff-86ae-92f94a426fb8}" HTTP status: 400 "Error transferring https://login.microsoftonline.com/consumers/oauth2/v2.0/token - server replied with status code 400" (unknown:0)
    56.878 Critical: [launcher.task.net.upload] "{fd253e91-638d-44ff-86ae-92f94a426fb8}" Response from server: "{\"error\":\"authorization_pending\",\"error_description\":\"AADSTS70016: The provided request has not yet been authorized by the user. The user must input their code. Trace ID: 6fcc3dad-d2fe-4c40-8062-aafe978de500 Correlation ID: 6f6cb9f7-8ee6-4f43-863b-b7657e79c091 Timestamp: 2026-05-09 14:22:59Z\",\"error_codes\":[70016],\"timestamp\":\"2026-05-09 14:22:59Z\",\"trace_id\":\"6fcc3dad-d2fe-4c40-8062-aafe978de500\",\"correlation_id\":\"6f6cb9f7-8ee6-4f43-863b-b7657e79c091\",\"error_uri\":\"https://login.microsoftonline.com/error?code=70016\"}" (unknown:0)
    56.878 Debug: [launcher.task.net.upload] "{fd253e91-638d-44ff-86ae-92f94a426fb8}" Request failed in previous step: "https://login.microsoftonline.com/consumers/oauth2/v2.0/token" (unknown:0)
    61.413 Debug: [launcher.task.net.upload] "{dfea18b9-a278-4827-b1bd-afbd360394c3}" Running "https://login.microsoftonline.com/consumers/oauth2/v2.0/token" (unknown:0)
    61.802 Critical: [launcher.task.net.upload] "{dfea18b9-a278-4827-b1bd-afbd360394c3}" Failed "https://login.microsoftonline.com/consumers/oauth2/v2.0/token" with error QNetworkReply::ProtocolInvalidOperationError (unknown:0)
    61.802 Critical: [launcher.task.net.upload] "{dfea18b9-a278-4827-b1bd-afbd360394c3}" HTTP status: 400 "Error transferring https://login.microsoftonline.com/consumers/oauth2/v2.0/token - server replied with status code 400" (unknown:0)
    61.802 Critical: [launcher.task.net.upload] "{dfea18b9-a278-4827-b1bd-afbd360394c3}" Response from server: "{\"error\":\"authorization_pending\",\"error_description\":\"AADSTS70016: The provided request has not yet been authorized by the user. The user must input their code. Trace ID: 4181ba01-e88e-43b1-8ffc-48b5ece81501 Correlation ID: 6f6cb9f7-8ee6-4f43-863b-b7657e79c091 Timestamp: 2026-05-09 14:23:04Z\",\"error_codes\":[70016],\"timestamp\":\"2026-05-09 14:23:04Z\",\"trace_id\":\"4181ba01-e88e-43b1-8ffc-48b5ece81501\",\"correlation_id\":\"6f6cb9f7-8ee6-4f43-863b-b7657e79c091\",\"error_uri\":\"https://login.microsoftonline.com/error?code=70016\"}" (unknown:0)
    61.802 Debug: [launcher.task.net.upload] "{dfea18b9-a278-4827-b1bd-afbd360394c3}" Request failed in previous step: "https://login.microsoftonline.com/consumers/oauth2/v2.0/token" (unknown:0)
    66.417 Debug: [launcher.task.net.upload] "{8a1d6d18-a37c-4221-83ba-f8a2094d7360}" Running "https://login.microsoftonline.com/consumers/oauth2/v2.0/token" (unknown:0)
    66.778 Critical: [launcher.task.net.upload] "{8a1d6d18-a37c-4221-83ba-f8a2094d7360}" Failed "https://login.microsoftonline.com/consumers/oauth2/v2.0/token" with error QNetworkReply::ProtocolInvalidOperationError (unknown:0)
    66.778 Critical: [launcher.task.net.upload] "{8a1d6d18-a37c-4221-83ba-f8a2094d7360}" HTTP status: 400 "Error transferring https://login.microsoftonline.com/consumers/oauth2/v2.0/token - server replied with status code 400" (unknown:0)
    66.778 Critical: [launcher.task.net.upload] "{8a1d6d18-a37c-4221-83ba-f8a2094d7360}" Response from server: "{\"error\":\"authorization_pending\",\"error_description\":\"AADSTS70016: The provided request has not yet been authorized by the user. The user must input their code. Trace ID: 54d7b603-0660-4ea1-a710-a57a4195ff00 Correlation ID: 6f6cb9f7-8ee6-4f43-863b-b7657e79c091 Timestamp: 2026-05-09 14:23:09Z\",\"error_codes\":[70016],\"timestamp\":\"2026-05-09 14:23:09Z\",\"trace_id\":\"54d7b603-0660-4ea1-a710-a57a4195ff00\",\"correlation_id\":\"6f6cb9f7-8ee6-4f43-863b-b7657e79c091\",\"error_uri\":\"https://login.microsoftonline.com/error?code=70016\"}" (unknown:0)
    66.778 Debug: [launcher.task.net.upload] "{8a1d6d18-a37c-4221-83ba-f8a2094d7360}" Request failed in previous step: "https://login.microsoftonline.com/consumers/oauth2/v2.0/token" (unknown:0)
    71.413 Debug: [launcher.task.net.upload] "{c4faa8d9-c8ff-47bf-b7b8-4d56556c59d7}" Running "https://login.microsoftonline.com/consumers/oauth2/v2.0/token" (unknown:0)
    71.874 Critical: [launcher.task.net.upload] "{c4faa8d9-c8ff-47bf-b7b8-4d56556c59d7}" Failed "https://login.microsoftonline.com/consumers/oauth2/v2.0/token" with error QNetworkReply::ProtocolInvalidOperationError (unknown:0)
    71.874 Critical: [launcher.task.net.upload] "{c4faa8d9-c8ff-47bf-b7b8-4d56556c59d7}" HTTP status: 400 "Error transferring https://login.microsoftonline.com/consumers/oauth2/v2.0/token - server replied with status code 400" (unknown:0)
    71.874 Critical: [launcher.task.net.upload] "{c4faa8d9-c8ff-47bf-b7b8-4d56556c59d7}" Response from server: "{\"error\":\"authorization_pending\",\"error_description\":\"AADSTS70016: The provided request has not yet been authorized by the user. The user must input their code. Trace ID: e29c0324-dc84-4501-9aee-9aa99725f000 Correlation ID: 6f6cb9f7-8ee6-4f43-863b-b7657e79c091 Timestamp: 2026-05-09 14:23:14Z\",\"error_codes\":[70016],\"timestamp\":\"2026-05-09 14:23:14Z\",\"trace_id\":\"e29c0324-dc84-4501-9aee-9aa99725f000\",\"correlation_id\":\"6f6cb9f7-8ee6-4f43-863b-b7657e79c091\",\"error_uri\":\"https://login.microsoftonline.com/error?code=70016\"}" (unknown:0)
    71.874 Debug: [launcher.task.net.upload] "{c4faa8d9-c8ff-47bf-b7b8-4d56556c59d7}" Request failed in previous step: "https://login.microsoftonline.com/consumers/oauth2/v2.0/token" (unknown:0)
    76.417 Debug: [launcher.task.net.upload] "{2fe57e96-e576-4f13-826b-85dbf4b04a31}" Running "https://login.microsoftonline.com/consumers/oauth2/v2.0/token" (unknown:0)
    76.799 Critical: [launcher.task.net.upload] "{2fe57e96-e576-4f13-826b-85dbf4b04a31}" Failed "https://login.microsoftonline.com/consumers/oauth2/v2.0/token" with error QNetworkReply::ProtocolInvalidOperationError (unknown:0)
    76.799 Critical: [launcher.task.net.upload] "{2fe57e96-e576-4f13-826b-85dbf4b04a31}" HTTP status: 400 "Error transferring https://login.microsoftonline.com/consumers/oauth2/v2.0/token - server replied with status code 400" (unknown:0)
    76.799 Critical: [launcher.task.net.upload] "{2fe57e96-e576-4f13-826b-85dbf4b04a31}" Response from server: "{\"error\":\"authorization_pending\",\"error_description\":\"AADSTS70016: The provided request has not yet been authorized by the user. The user must input their code. Trace ID: 6698b89c-cf31-404f-923e-dedf5d55d500 Correlation ID: 6f6cb9f7-8ee6-4f43-863b-b7657e79c091 Timestamp: 2026-05-09 14:23:19Z\",\"error_codes\":[70016],\"timestamp\":\"2026-05-09 14:23:19Z\",\"trace_id\":\"6698b89c-cf31-404f-923e-dedf5d55d500\",\"correlation_id\":\"6f6cb9f7-8ee6-4f43-863b-b7657e79c091\",\"error_uri\":\"https://login.microsoftonline.com/error?code=70016\"}" (unknown:0)
    76.799 Debug: [launcher.task.net.upload] "{2fe57e96-e576-4f13-826b-85dbf4b04a31}" Request failed in previous step: "https://login.microsoftonline.com/consumers/oauth2/v2.0/token" (unknown:0)
    80.303 Debug: Wizard result = 0 (unknown:0)
    80.341 Debug: Reloading news. (unknown:0)
    80.342 Debug: <> Main window shown. (unknown:0)
    80.686 Debug: Finished loading RSS feed. (unknown:0)
    80.690 Debug: Loaded news entry "[MANUAL UPDATE REQUIRED] Prism Launcher Release 11.0.2" (unknown:0)
    80.690 Debug: Loaded news entry "Prism Launcher Release 11.0.1, now available" (unknown:0)
    80.690 Debug: Loaded news entry "Prism Launcher Release 11.0.0, now available" (unknown:0)
    80.690 Debug: Loaded news entry "[April Fools 2026] User Safety in Prism Launcher" (unknown:0)
    80.690 Debug: Loaded news entry "Prism Launcher Release 10.0.5, now available" (unknown:0)
    80.690 Debug: Loaded news entry "[PSA] Fake Discord server using our old vanity link" (unknown:0)
    80.690 Debug: Loaded news entry "Prism Launcher Release 10.0.2, now available" (unknown:0)
    80.690 Debug: Loaded news entry "Prism Launcher Release 10.0.1, now available" (unknown:0)
    80.690 Debug: Loaded news entry "Prism Launcher Release 10.0.0, now available" (unknown:0)
    80.690 Debug: Loaded news entry "[Pride Month 2025 #4/4] Week 4 Showcase" (unknown:0)
    80.690 Debug: Loaded news entry "[Pride Month 2025 #3/4] Week 3 Showcase" (unknown:0)
    80.690 Debug: Loaded news entry "[Pride Month 2025 #2/4] Week 2 Showcase" (unknown:0)
    80.690 Debug: Loaded news entry "[Pride Month 2025 #1/4] Week 1 Showcase" (unknown:0)
    80.690 Debug: Loaded news entry "[Pride Month 2025 #0/4] Happy Pride!" (unknown:0)
    80.690 Debug: Loaded news entry "Prism Launcher Release 9.4, now available" (unknown:0)
    80.690 Debug: Loaded news entry "Prism Launcher Release 9.3, now available" (unknown:0)
    80.690 Debug: Loaded news entry "[April Fools 2025] Announcing Prism Premium" (unknown:0)
    80.690 Debug: Loaded news entry "Moving on from Twitter" (unknown:0)
    80.690 Debug: Loaded news entry "Prism Launcher Release 9.2, now available" (unknown:0)
    80.690 Debug: Loaded news entry "Prism Launcher Release 9.1, now available" (unknown:0)
    80.690 Debug: Loaded news entry "Prism Launcher Release 9.0, now available" (unknown:0)
    80.690 Debug: Loaded news entry "Prism Launcher Release 8.4, now available" (unknown:0)
    80.690 Debug: Loaded news entry "Microsoft authentication issues in some regions" (unknown:0)
    80.690 Debug: Loaded news entry "Prism Launcher Release 8.3, now available" (unknown:0)
    80.690 Debug: Loaded news entry "Prism Launcher Release 8.1, now available" (unknown:0)
    80.690 Debug: Loaded news entry "Prism Launcher Release 8.2, now available" (unknown:0)
    80.690 Debug: Loaded news entry "Prism Launcher Release 8.0, now available" (unknown:0)
    80.690 Debug: Loaded news entry "[MALWARE WARNING] RCE Vulnerability on some modded servers - Bleeding Pipe" (unknown:0)
    80.690 Debug: Loaded news entry "Prism Launcher Release 7.2, now available" (unknown:0)
    80.690 Debug: Loaded news entry "Prism Launcher Release 7.1, now available" (unknown:0)
    80.690 Debug: Loaded news entry "FTB Modpack Downloading Removal." (unknown:0)
    80.690 Debug: Loaded news entry "Prism Launcher Release 7.0, now available" (unknown:0)
    80.690 Debug: Loaded news entry "[MALWARE WARNING] \"fractureiser\" malware in many popular Minecraft mods and modpacks" (unknown:0)
    80.690 Debug: Loaded news entry "Prism Launcher Release 6.2, now available" (unknown:0)
    80.690 Debug: Loaded news entry "[SECURITY UPDATE] Prism Launcher Release 6.3, now available" (unknown:0)
    80.690 Debug: Loaded news entry "Prism Launcher Release 6.1, now available" (unknown:0)
    80.690 Debug: Loaded news entry "Prism Launcher Release 6.0, now available" (unknown:0)
    80.690 Debug: Loaded news entry "Prism Launcher Release 5.2, now available" (unknown:0)
    80.690 Debug: Loaded news entry "Prism Launcher Release 5.1, now available" (unknown:0)
    80.690 Debug: Loaded news entry "Prism Launcher Release 5.0, now available" (unknown:0)
    80.690 Debug: Loaded news entry "PolyMC Update 1.4.2, now available" (unknown:0)
    80.690 Debug: Loaded news entry "PolyMC Update 1.4.1, now available" (unknown:0)
    80.690 Debug: Loaded news entry "PolyMC Update 1.4.0, now available" (unknown:0)
    80.690 Debug: Loaded news entry "PolyMC Update 1.3.2, now available" (unknown:0)
    80.690 Debug: Loaded news entry "PolyMC Update 1.3.1, now available" (unknown:0)
    80.690 Debug: Loaded news entry "PolyMC Update 1.3.0, now available" (unknown:0)
    80.690 Debug: Loaded news entry "PolyMC Update 1.2.2, now available (CurseForge Hotfix)" (unknown:0)
    80.690 Debug: Loaded news entry "PolyMC Update 1.2.1, now available" (unknown:0)
    80.690 Debug: Loaded news entry "PolyMC Update 1.2.0, now available" (unknown:0)
    80.690 Debug: Loaded news entry "PolyMC Update 1.1.1, now available" (unknown:0)
    80.690 Debug: Loaded news entry "PolyMC Update 1.1.0, now available" (unknown:0)
    80.690 Debug: Loaded news entry "Moving on" (unknown:0)
    80.691 Debug: Loaded news entry "Modrinth support and Mod downloading" (unknown:0)
    80.691 Debug: Loaded news entry "New maintainers and step down." (unknown:0)
    80.691 Debug: News loading succeeded. (unknown:0)
